e:\0-研究生\yangcz软件\上传github\yczsoftware_vs\yczsoftware_vs\x64\release\amountpythread.obj
e:\0-研究生\yangcz软件\上传github\yczsoftware_vs\yczsoftware_vs\x64\release\colorgradientwidget.obj
e:\0-研究生\yangcz软件\上传github\yczsoftware_vs\yczsoftware_vs\x64\release\gyangczpythread.obj
e:\0-研究生\yangcz软件\上传github\yczsoftware_vs\yczsoftware_vs\x64\release\mainwindow3d.obj
e:\0-研究生\yangcz软件\上传github\yczsoftware_vs\yczsoftware_vs\x64\release\yczsoftware_vs.obj
e:\0-研究生\yangcz软件\上传github\yczsoftware_vs\yczsoftware_vs\x64\release\project.obj
e:\0-研究生\yangcz软件\上传github\yczsoftware_vs\yczsoftware_vs\x64\release\coordinateproject.obj
e:\0-研究生\yangcz软件\上传github\yczsoftware_vs\yczsoftware_vs\x64\release\inverselogdialog.obj
e:\0-研究生\yangcz软件\上传github\yczsoftware_vs\yczsoftware_vs\x64\release\styangczpythread.obj
e:\0-研究生\yangcz软件\上传github\yczsoftware_vs\yczsoftware_vs\x64\release\main.obj
e:\0-研究生\yangcz软件\上传github\yczsoftware_vs\yczsoftware_vs\x64\release\amoebagservicedialog.obj
e:\0-研究生\yangcz软件\上传github\yczsoftware_vs\yczsoftware_vs\x64\release\coyangczpythread.obj
e:\0-研究生\yangcz软件\上传github\yczsoftware_vs\yczsoftware_vs\x64\release\htmscanservicedialog.obj
e:\0-研究生\yangcz软件\上传github\yczsoftware_vs\yczsoftware_vs\x64\release\yangczfservicedialog.obj
e:\0-研究生\yangcz软件\上传github\yczsoftware_vs\yczsoftware_vs\x64\release\canvas3dservice.obj
e:\0-研究生\yangcz软件\上传github\yczsoftware_vs\yczsoftware_vs\x64\release\histogramview.obj
e:\0-研究生\yangcz软件\上传github\yczsoftware_vs\yczsoftware_vs\x64\release\layerpropform.obj
e:\0-研究生\yangcz软件\上传github\yczsoftware_vs\yczsoftware_vs\x64\release\yczprogressdialog.obj
e:\0-研究生\yangcz软件\上传github\yczsoftware_vs\yczsoftware_vs\x64\release\boxplotdraw.obj
e:\0-研究生\yangcz软件\上传github\yczsoftware_vs\yczsoftware_vs\x64\release\colorlegendwidget.obj
e:\0-研究生\yangcz软件\上传github\yczsoftware_vs\yczsoftware_vs\x64\release\reservesestimatesdialog.obj
e:\0-研究生\yangcz软件\上传github\yczsoftware_vs\yczsoftware_vs\x64\release\lyr3dselectdialog.obj
e:\0-研究生\yangcz软件\上传github\yczsoftware_vs\yczsoftware_vs\x64\release\yangczfpythread.obj
e:\0-研究生\yangcz软件\上传github\yczsoftware_vs\yczsoftware_vs\x64\release\abnormalgpsdialog.obj
e:\0-研究生\yangcz软件\上传github\yczsoftware_vs\yczsoftware_vs\x64\release\boxplotdialog.obj
e:\0-研究生\yangcz软件\上传github\yczsoftware_vs\yczsoftware_vs\x64\release\fileloadingservice.obj
e:\0-研究生\yangcz软件\上传github\yczsoftware_vs\yczsoftware_vs\x64\release\logtransdialog.obj
e:\0-研究生\yangcz软件\上传github\yczsoftware_vs\yczsoftware_vs\x64\release\yangczfxypythread.obj
e:\0-研究生\yangcz软件\上传github\yczsoftware_vs\yczsoftware_vs\x64\release\correlationmatrixwidget.obj
e:\0-研究生\yangcz软件\上传github\yczsoftware_vs\yczsoftware_vs\x64\release\histogramdialog.obj
e:\0-研究生\yangcz软件\上传github\yczsoftware_vs\yczsoftware_vs\x64\release\oyangczservicedialog.obj
e:\0-研究生\yangcz软件\上传github\yczsoftware_vs\yczsoftware_vs\x64\release\yczfilterpythread2d.obj
e:\0-研究生\yangcz软件\上传github\yczsoftware_vs\yczsoftware_vs\x64\release\amoebagpythread.obj
e:\0-研究生\yangcz软件\上传github\yczsoftware_vs\yczsoftware_vs\x64\release\colorwidget.obj
e:\0-研究生\yangcz软件\上传github\yczsoftware_vs\yczsoftware_vs\x64\release\cubedialog.obj
e:\0-研究生\yangcz软件\上传github\yczsoftware_vs\yczsoftware_vs\x64\release\htmscanpythread.obj
e:\0-研究生\yangcz软件\上传github\yczsoftware_vs\yczsoftware_vs\x64\release\qqplotdialog.obj
e:\0-研究生\yangcz软件\上传github\yczsoftware_vs\yczsoftware_vs\x64\release\yangczpythread.obj
e:\0-研究生\yangcz软件\上传github\yczsoftware_vs\yczsoftware_vs\x64\release\mainwindow.obj
e:\0-研究生\yangcz软件\上传github\yczsoftware_vs\yczsoftware_vs\x64\release\qqplotdraw.obj
e:\0-研究生\yangcz软件\上传github\yczsoftware_vs\yczsoftware_vs\x64\release\sqldialog.obj
e:\0-研究生\yangcz软件\上传github\yczsoftware_vs\yczsoftware_vs\x64\release\yczfilterpythread.obj
e:\0-研究生\yangcz软件\上传github\yczsoftware_vs\yczsoftware_vs\x64\release\aboutsoftdialog.obj
e:\0-研究生\yangcz软件\上传github\yczsoftware_vs\yczsoftware_vs\x64\release\coanalysisdialog.obj
e:\0-研究生\yangcz软件\上传github\yczsoftware_vs\yczsoftware_vs\x64\release\gyangczservicedialog.obj
e:\0-研究生\yangcz软件\上传github\yczsoftware_vs\yczsoftware_vs\x64\release\oyczfilterservicedialog.obj
e:\0-研究生\yangcz软件\上传github\yczsoftware_vs\yczsoftware_vs\x64\release\yczfilterservicedialog.obj
e:\0-研究生\yangcz软件\上传github\yczsoftware_vs\yczsoftware_vs\x64\release\entity3d.obj
e:\0-研究生\yangcz软件\上传github\yczsoftware_vs\yczsoftware_vs\x64\release\colorgradientpreview.obj
e:\0-研究生\yangcz软件\上传github\yczsoftware_vs\yczsoftware_vs\x64\release\coyangczservicedialog.obj
e:\0-研究生\yangcz软件\上传github\yczsoftware_vs\yczsoftware_vs\x64\release\loadingxyzdatadialog.obj
e:\0-研究生\yangcz软件\上传github\yczsoftware_vs\yczsoftware_vs\x64\release\styangczservicedialog.obj
e:\0-研究生\yangcz软件\上传github\yczsoftware_vs\yczsoftware_vs\x64\release\layermenuprovider.obj
e:\0-研究生\yangcz软件\上传github\yczsoftware_vs\yczsoftware_vs\x64\release\runpyservice.obj
e:\0-研究生\yangcz软件\上传github\yczsoftware_vs\yczsoftware_vs\x64\release\yangczfxydialog.obj
e:\0-研究生\yangcz软件\上传github\yczsoftware_vs\yczsoftware_vs\x64\release\vc143.pdb
e:\0-研究生\yangcz软件\上传github\yczsoftware_vs\yczsoftware_vs\x64\release\qrc_yczsoftware_vs.obj
e:\0-研究生\yangcz软件\上传github\yczsoftware_vs\yczsoftware_vs\x64\release\moc_coyangczservicedialog.obj
e:\0-研究生\yangcz软件\上传github\yczsoftware_vs\yczsoftware_vs\x64\release\moc_qqplotdraw.obj
e:\0-研究生\yangcz软件\上传github\yczsoftware_vs\yczsoftware_vs\x64\release\moc_oyczfilterservicedialog.obj
e:\0-研究生\yangcz软件\上传github\yczsoftware_vs\yczsoftware_vs\x64\release\moc_colorgradientwidget.obj
e:\0-研究生\yangcz软件\上传github\yczsoftware_vs\yczsoftware_vs\x64\release\moc_loadingxyzdatadialog.obj
e:\0-研究生\yangcz软件\上传github\yczsoftware_vs\yczsoftware_vs\x64\release\moc_htmscanservicedialog.obj
e:\0-研究生\yangcz软件\上传github\yczsoftware_vs\yczsoftware_vs\x64\release\moc_inverselogdialog.obj
e:\0-研究生\yangcz软件\上传github\yczsoftware_vs\yczsoftware_vs\x64\release\moc_runpyservice.obj
e:\0-研究生\yangcz软件\上传github\yczsoftware_vs\yczsoftware_vs\x64\release\moc_aboutsoftdialog.obj
e:\0-研究生\yangcz软件\上传github\yczsoftware_vs\yczsoftware_vs\x64\release\moc_boxplotdraw.obj
e:\0-研究生\yangcz软件\上传github\yczsoftware_vs\yczsoftware_vs\x64\release\moc_coordinateproject.obj
e:\0-研究生\yangcz软件\上传github\yczsoftware_vs\yczsoftware_vs\x64\release\moc_yangczpythread.obj
e:\0-研究生\yangcz软件\上传github\yczsoftware_vs\yczsoftware_vs\x64\release\moc_sqldialog.obj
e:\0-研究生\yangcz软件\上传github\yczsoftware_vs\yczsoftware_vs\x64\release\moc_boxplotdialog.obj
e:\0-研究生\yangcz软件\上传github\yczsoftware_vs\yczsoftware_vs\x64\release\moc_yangczfxypythread.obj
e:\0-研究生\yangcz软件\上传github\yczsoftware_vs\yczsoftware_vs\x64\release\moc_yangczfpythread.obj
e:\0-研究生\yangcz软件\上传github\yczsoftware_vs\yczsoftware_vs\x64\release\moc_yczfilterservicedialog.obj
e:\0-研究生\yangcz软件\上传github\yczsoftware_vs\yczsoftware_vs\x64\release\moc_amoebagservicedialog.obj
e:\0-研究生\yangcz软件\上传github\yczsoftware_vs\yczsoftware_vs\x64\release\moc_abnormalgpsdialog.obj
e:\0-研究生\yangcz软件\上传github\yczsoftware_vs\yczsoftware_vs\x64\release\moc_gyangczpythread.obj
e:\0-研究生\yangcz软件\上传github\yczsoftware_vs\yczsoftware_vs\x64\release\moc_histogramdialog.obj
e:\0-研究生\yangcz软件\上传github\yczsoftware_vs\yczsoftware_vs\x64\release\moc_colorgradientpreview.obj
e:\0-研究生\yangcz软件\上传github\yczsoftware_vs\yczsoftware_vs\x64\release\moc_coyangczpythread.obj
e:\0-研究生\yangcz软件\上传github\yczsoftware_vs\yczsoftware_vs\x64\release\moc_amountpythread.obj
e:\0-研究生\yangcz软件\上传github\yczsoftware_vs\yczsoftware_vs\x64\release\moc_yangczfservicedialog.obj
e:\0-研究生\yangcz软件\上传github\yczsoftware_vs\yczsoftware_vs\x64\release\moc_layerpropform.obj
e:\0-研究生\yangcz软件\上传github\yczsoftware_vs\yczsoftware_vs\x64\release\moc_colorlegendwidget.obj
e:\0-研究生\yangcz软件\上传github\yczsoftware_vs\yczsoftware_vs\x64\release\moc_styangczpythread.obj
e:\0-研究生\yangcz软件\上传github\yczsoftware_vs\yczsoftware_vs\x64\release\moc_histogramview.obj
e:\0-研究生\yangcz软件\上传github\yczsoftware_vs\yczsoftware_vs\x64\release\moc_yczfilterpythread2d.obj
e:\0-研究生\yangcz软件\上传github\yczsoftware_vs\yczsoftware_vs\x64\release\moc_cubedialog.obj
e:\0-研究生\yangcz软件\上传github\yczsoftware_vs\yczsoftware_vs\x64\release\moc_lyr3dselectdialog.obj
e:\0-研究生\yangcz软件\上传github\yczsoftware_vs\yczsoftware_vs\x64\release\moc_styangczservicedialog.obj
e:\0-研究生\yangcz软件\上传github\yczsoftware_vs\yczsoftware_vs\x64\release\moc_logtransdialog.obj
e:\0-研究生\yangcz软件\上传github\yczsoftware_vs\yczsoftware_vs\x64\release\moc_layermenuprovider.obj
e:\0-研究生\yangcz软件\上传github\yczsoftware_vs\yczsoftware_vs\x64\release\moc_yangczfxydialog.obj
e:\0-研究生\yangcz软件\上传github\yczsoftware_vs\yczsoftware_vs\x64\release\moc_oyangczservicedialog.obj
e:\0-研究生\yangcz软件\上传github\yczsoftware_vs\yczsoftware_vs\x64\release\moc_project.obj
e:\0-研究生\yangcz软件\上传github\yczsoftware_vs\yczsoftware_vs\x64\release\moc_correlationmatrixwidget.obj
e:\0-研究生\yangcz软件\上传github\yczsoftware_vs\yczsoftware_vs\x64\release\moc_yczsoftware_vs.obj
e:\0-研究生\yangcz软件\上传github\yczsoftware_vs\yczsoftware_vs\x64\release\moc_gyangczservicedialog.obj
e:\0-研究生\yangcz软件\上传github\yczsoftware_vs\yczsoftware_vs\x64\release\moc_yczprogressdialog.obj
e:\0-研究生\yangcz软件\上传github\yczsoftware_vs\yczsoftware_vs\x64\release\moc_yczfilterpythread.obj
e:\0-研究生\yangcz软件\上传github\yczsoftware_vs\yczsoftware_vs\x64\release\moc_coanalysisdialog.obj
e:\0-研究生\yangcz软件\上传github\yczsoftware_vs\yczsoftware_vs\x64\release\moc_mainwindow.obj
e:\0-研究生\yangcz软件\上传github\yczsoftware_vs\yczsoftware_vs\x64\release\moc_colorwidget.obj
e:\0-研究生\yangcz软件\上传github\yczsoftware_vs\yczsoftware_vs\x64\release\moc_mainwindow3d.obj
e:\0-研究生\yangcz软件\上传github\yczsoftware_vs\yczsoftware_vs\x64\release\moc_reservesestimatesdialog.obj
e:\0-研究生\yangcz软件\上传github\yczsoftware_vs\yczsoftware_vs\x64\release\moc_qqplotdialog.obj
e:\0-研究生\yangcz软件\上传github\yczsoftware_vs\yczsoftware_vs\x64\release\moc_canvas3dservice.obj
e:\111a_kai_fa\00_new2\yczsoftware_vs\x64\release\yczsoftware_vs.exe
e:\111a_kai_fa\00_new2\yczsoftware_vs\x64\release\yczsoftware_vs.ilk
e:\111a_kai_fa\00_new2\yczsoftware_vs\x64\release\yczsoftware_vs.pdb
e:\0-研究生\yangcz软件\上传github\yczsoftware_vs\x64\release\yczsoftware_vs.exe
e:\0-研究生\yangcz软件\上传github\yczsoftware_vs\x64\release\yczsoftware_vs.ilk
e:\0-研究生\yangcz软件\上传github\yczsoftware_vs\x64\release\yczsoftware_vs.pdb
e:\0-研究生\yangcz软件\上传github\yczsoftware_vs\yczsoftware_vs\x64\release\qt\moc\moc_mainwindow.cpp
e:\111a_kai_fa\00_new2\yczsoftware_vs\yczsoftware_vs\x64\release\yczsoftware_vs.res
e:\0-研究生\yangcz软件\上传github\yczsoftware_vs\yczsoftware_vs\x64\release\yczsoftware_vs.res
e:\0-研究生\yangcz软件\上传github\yczsoftware_vs\yczsoftware_vs\x64\release\qt\rcc\qrc_yczsoftware_vs.cpp
e:\0-研究生\yangcz软件\上传github\yczsoftware_vs\yczsoftware_vs\x64\release\qt\uic\ui_mainwindow.h
e:\111a_kai_fa\00_new2\yczsoftware_vs\yczsoftware_vs\x64\release\qt\uic\ui_mainwindow.h
e:\111a_kai_fa\00_new2\yczsoftware_vs\yczsoftware_vs\x64\release\qt\uic\ui_abnormalgpsdialog.h
e:\111a_kai_fa\00_new2\yczsoftware_vs\yczsoftware_vs\x64\release\qt\uic\ui_aboutsoftdialog.h
e:\111a_kai_fa\00_new2\yczsoftware_vs\yczsoftware_vs\x64\release\qt\uic\ui_amoebagservicedialog.h
e:\111a_kai_fa\00_new2\yczsoftware_vs\yczsoftware_vs\x64\release\qt\uic\ui_boxplotdialog.h
e:\111a_kai_fa\00_new2\yczsoftware_vs\yczsoftware_vs\x64\release\qt\uic\ui_canvas3dservice.h
e:\111a_kai_fa\00_new2\yczsoftware_vs\yczsoftware_vs\x64\release\qt\uic\ui_coanalysisdialog.h
e:\111a_kai_fa\00_new2\yczsoftware_vs\yczsoftware_vs\x64\release\qt\uic\ui_colorgradientwidget.h
e:\111a_kai_fa\00_new2\yczsoftware_vs\yczsoftware_vs\x64\release\qt\uic\ui_coordinateproject.h
e:\111a_kai_fa\00_new2\yczsoftware_vs\yczsoftware_vs\x64\release\qt\uic\ui_coyangczservicedialog.h
e:\111a_kai_fa\00_new2\yczsoftware_vs\yczsoftware_vs\x64\release\qt\uic\ui_cubedialog.h
e:\111a_kai_fa\00_new2\yczsoftware_vs\yczsoftware_vs\x64\release\qt\uic\ui_layerpropform.h
e:\111a_kai_fa\00_new2\yczsoftware_vs\yczsoftware_vs\x64\release\qt\uic\ui_reservesestimatesdialog.h
e:\111a_kai_fa\00_new2\yczsoftware_vs\yczsoftware_vs\x64\release\qt\uic\ui_ruleyangczfdialog.h
e:\111a_kai_fa\00_new2\yczsoftware_vs\yczsoftware_vs\x64\release\qt\uic\ui_gyangczservicedialog.h
e:\111a_kai_fa\00_new2\yczsoftware_vs\yczsoftware_vs\x64\release\qt\uic\ui_histogramdialog.h
e:\111a_kai_fa\00_new2\yczsoftware_vs\yczsoftware_vs\x64\release\qt\uic\ui_htmscanservicedialog.h
e:\111a_kai_fa\00_new2\yczsoftware_vs\yczsoftware_vs\x64\release\qt\uic\ui_inverselogdialog.h
e:\111a_kai_fa\00_new2\yczsoftware_vs\yczsoftware_vs\x64\release\qt\uic\ui_loadingxyzdatadialog.h
e:\111a_kai_fa\00_new2\yczsoftware_vs\yczsoftware_vs\x64\release\qt\uic\ui_logtransdialog.h
e:\111a_kai_fa\00_new2\yczsoftware_vs\yczsoftware_vs\x64\release\qt\uic\ui_lyr3dselectdialog.h
e:\111a_kai_fa\00_new2\yczsoftware_vs\yczsoftware_vs\x64\release\qt\uic\ui_mainwindow3d.h
e:\111a_kai_fa\00_new2\yczsoftware_vs\yczsoftware_vs\x64\release\qt\uic\ui_oyangczservicedialog.h
e:\111a_kai_fa\00_new2\yczsoftware_vs\yczsoftware_vs\x64\release\qt\uic\ui_oyczfilterservicedialog.h
e:\111a_kai_fa\00_new2\yczsoftware_vs\yczsoftware_vs\x64\release\qt\uic\ui_qqplotdialog.h
e:\111a_kai_fa\00_new2\yczsoftware_vs\yczsoftware_vs\x64\release\qt\uic\ui_sqldialog.h
e:\111a_kai_fa\00_new2\yczsoftware_vs\yczsoftware_vs\x64\release\qt\uic\ui_styangczservicedialog.h
e:\111a_kai_fa\00_new2\yczsoftware_vs\yczsoftware_vs\x64\release\qt\uic\ui_thickoredialog.h
e:\111a_kai_fa\00_new2\yczsoftware_vs\yczsoftware_vs\x64\release\qt\uic\ui_thinoredialog.h
e:\111a_kai_fa\00_new2\yczsoftware_vs\yczsoftware_vs\x64\release\qt\uic\ui_toolboxdialog.h
e:\111a_kai_fa\00_new2\yczsoftware_vs\yczsoftware_vs\x64\release\qt\uic\ui_yangczfservicedialog.h
e:\111a_kai_fa\00_new2\yczsoftware_vs\yczsoftware_vs\x64\release\qt\uic\ui_yangczfxydialog.h
e:\111a_kai_fa\00_new2\yczsoftware_vs\yczsoftware_vs\x64\release\qt\uic\ui_yczfilterservicedialog.h
e:\111a_kai_fa\00_new2\yczsoftware_vs\yczsoftware_vs\x64\release\qt\uic\ui_yczprogressdialog.h
e:\111a_kai_fa\00_new2\yczsoftware_vs\yczsoftware_vs\x64\release\qt\uic\ui_yczsoftware_vs.h
e:\111a_kai_fa\00_new2\yczsoftware_vs\yczsoftware_vs\x64\release\qt\rcc\qrc_yczsoftware_vs.cpp
e:\111a_kai_fa\00_new2\yczsoftware_vs\yczsoftware_vs\x64\release\qt\moc\moc_yczsoftware_vs.cpp
e:\111a_kai_fa\00_new2\yczsoftware_vs\yczsoftware_vs\x64\release\qt\moc\moc_mainwindow.cpp
e:\111a_kai_fa\00_new2\yczsoftware_vs\yczsoftware_vs\x64\release\qt\moc\moc_reservesestimatesdialog.cpp
e:\111a_kai_fa\00_new2\yczsoftware_vs\yczsoftware_vs\x64\release\qt\moc\moc_yangczfxypythread.cpp
e:\111a_kai_fa\00_new2\yczsoftware_vs\yczsoftware_vs\x64\release\qt\moc\moc_yangczfxydialog.cpp
e:\111a_kai_fa\00_new2\yczsoftware_vs\yczsoftware_vs\x64\release\qt\moc\moc_ruleyangczfdialog.cpp
e:\111a_kai_fa\00_new2\yczsoftware_vs\yczsoftware_vs\x64\release\qt\moc\moc_coordinateproject.cpp
e:\111a_kai_fa\00_new2\yczsoftware_vs\yczsoftware_vs\x64\release\qt\moc\moc_amountpythread.cpp
e:\111a_kai_fa\00_new2\yczsoftware_vs\yczsoftware_vs\x64\release\qt\moc\moc_coyangczservicedialog.cpp
e:\111a_kai_fa\00_new2\yczsoftware_vs\yczsoftware_vs\x64\release\qt\moc\moc_thinoredialog.cpp
e:\111a_kai_fa\00_new2\yczsoftware_vs\yczsoftware_vs\x64\release\qt\moc\moc_thickoredialog.cpp
e:\111a_kai_fa\00_new2\yczsoftware_vs\yczsoftware_vs\x64\release\qt\moc\moc_toolboxdialog.cpp
e:\111a_kai_fa\00_new2\yczsoftware_vs\yczsoftware_vs\x64\release\qt\moc\moc_htmscanservicedialog.cpp
e:\111a_kai_fa\00_new2\yczsoftware_vs\yczsoftware_vs\x64\release\qt\moc\moc_styangczservicedialog.cpp
e:\111a_kai_fa\00_new2\yczsoftware_vs\yczsoftware_vs\x64\release\qt\moc\moc_styangczpythread.cpp
e:\111a_kai_fa\00_new2\yczsoftware_vs\yczsoftware_vs\x64\release\qt\moc\moc_gyangczpythread.cpp
e:\111a_kai_fa\00_new2\yczsoftware_vs\yczsoftware_vs\x64\release\qt\moc\moc_gyangczservicedialog.cpp
e:\111a_kai_fa\00_new2\yczsoftware_vs\yczsoftware_vs\x64\release\qt\moc\moc_yangczfservicedialog.cpp
e:\111a_kai_fa\00_new2\yczsoftware_vs\yczsoftware_vs\x64\release\qt\moc\moc_yangczfpythread.cpp
e:\111a_kai_fa\00_new2\yczsoftware_vs\yczsoftware_vs\x64\release\qt\moc\moc_yangczpythread.cpp
e:\111a_kai_fa\00_new2\yczsoftware_vs\yczsoftware_vs\x64\release\qt\moc\moc_oyangczservicedialog.cpp
e:\111a_kai_fa\00_new2\yczsoftware_vs\yczsoftware_vs\x64\release\qt\moc\moc_inverselogdialog.cpp
e:\111a_kai_fa\00_new2\yczsoftware_vs\yczsoftware_vs\x64\release\qt\moc\moc_logtransdialog.cpp
e:\111a_kai_fa\00_new2\yczsoftware_vs\yczsoftware_vs\x64\release\qt\moc\moc_qqplotdialog.cpp
e:\111a_kai_fa\00_new2\yczsoftware_vs\yczsoftware_vs\x64\release\qt\moc\moc_qqplotdraw.cpp
e:\111a_kai_fa\00_new2\yczsoftware_vs\yczsoftware_vs\x64\release\qt\moc\moc_histogramview.cpp
e:\111a_kai_fa\00_new2\yczsoftware_vs\yczsoftware_vs\x64\release\qt\moc\moc_histogramdialog.cpp
e:\111a_kai_fa\00_new2\yczsoftware_vs\yczsoftware_vs\x64\release\qt\moc\moc_yczprogressdialog.cpp
e:\111a_kai_fa\00_new2\yczsoftware_vs\yczsoftware_vs\x64\release\qt\moc\moc_oyczfilterservicedialog.cpp
e:\111a_kai_fa\00_new2\yczsoftware_vs\yczsoftware_vs\x64\release\qt\moc\moc_yczfilterpythread2d.cpp
e:\111a_kai_fa\00_new2\yczsoftware_vs\yczsoftware_vs\x64\release\qt\moc\moc_yczfilterservicedialog.cpp
e:\111a_kai_fa\00_new2\yczsoftware_vs\yczsoftware_vs\x64\release\qt\moc\moc_yczfilterpythread.cpp
e:\111a_kai_fa\00_new2\yczsoftware_vs\yczsoftware_vs\x64\release\qt\moc\moc_runpyservice.cpp
e:\111a_kai_fa\00_new2\yczsoftware_vs\yczsoftware_vs\x64\release\qt\moc\moc_sqldialog.cpp
e:\111a_kai_fa\00_new2\yczsoftware_vs\yczsoftware_vs\x64\release\qt\moc\moc_layerpropform.cpp
e:\111a_kai_fa\00_new2\yczsoftware_vs\yczsoftware_vs\x64\release\qt\moc\moc_layermenuprovider.cpp
e:\111a_kai_fa\00_new2\yczsoftware_vs\yczsoftware_vs\x64\release\qt\moc\moc_maptoolselectfeatures.cpp
e:\111a_kai_fa\00_new2\yczsoftware_vs\yczsoftware_vs\x64\release\qt\moc\moc_project.cpp
e:\111a_kai_fa\00_new2\yczsoftware_vs\yczsoftware_vs\x64\release\qt\moc\moc_basewindow.cpp
e:\111a_kai_fa\00_new2\yczsoftware_vs\yczsoftware_vs\x64\release\qt\moc\moc_mytitlebar.cpp
e:\111a_kai_fa\00_new2\yczsoftware_vs\yczsoftware_vs\x64\release\qt\moc\moc_aboutsoftdialog.cpp
e:\111a_kai_fa\00_new2\yczsoftware_vs\yczsoftware_vs\x64\release\qt\moc\moc_colorgradientwidget.cpp
e:\111a_kai_fa\00_new2\yczsoftware_vs\yczsoftware_vs\x64\release\qt\moc\moc_colorgradientpreview.cpp
e:\111a_kai_fa\00_new2\yczsoftware_vs\yczsoftware_vs\x64\release\qt\moc\moc_colorwidget.cpp
e:\111a_kai_fa\00_new2\yczsoftware_vs\yczsoftware_vs\x64\release\qt\moc\moc_cubedialog.cpp
e:\111a_kai_fa\00_new2\yczsoftware_vs\yczsoftware_vs\x64\release\qt\moc\moc_boxplotdialog.cpp
e:\111a_kai_fa\00_new2\yczsoftware_vs\yczsoftware_vs\x64\release\qt\moc\moc_boxplotdraw.cpp
e:\111a_kai_fa\00_new2\yczsoftware_vs\yczsoftware_vs\x64\release\qt\moc\moc_coanalysisdialog.cpp
e:\111a_kai_fa\00_new2\yczsoftware_vs\yczsoftware_vs\x64\release\qt\moc\moc_correlationmatrixwidget.cpp
e:\111a_kai_fa\00_new2\yczsoftware_vs\yczsoftware_vs\x64\release\qt\moc\moc_amoebagservicedialog.cpp
e:\111a_kai_fa\00_new2\yczsoftware_vs\yczsoftware_vs\x64\release\qt\moc\moc_coyangczpythread.cpp
e:\111a_kai_fa\00_new2\yczsoftware_vs\yczsoftware_vs\x64\release\qt\moc\moc_mainwindow3d.cpp
e:\111a_kai_fa\00_new2\yczsoftware_vs\yczsoftware_vs\x64\release\qt\moc\moc_lyr3dselectdialog.cpp
e:\111a_kai_fa\00_new2\yczsoftware_vs\yczsoftware_vs\x64\release\qt\moc\moc_loadingxyzdatadialog.cpp
e:\111a_kai_fa\00_new2\yczsoftware_vs\yczsoftware_vs\x64\release\qt\moc\moc_canvas3dservice.cpp
e:\111a_kai_fa\00_new2\yczsoftware_vs\yczsoftware_vs\x64\release\qt\moc\moc_abnormalgpsdialog.cpp
e:\111a_kai_fa\00_new2\yczsoftware_vs\yczsoftware_vs\x64\release\qt\moc\moc_colorlegendwidget.cpp
e:\0-研究生\yangcz软件\上传github\yczsoftware_vs\yczsoftware_vs\x64\release\qt\moc\moc_colorlegendwidget.cpp
e:\0-研究生\yangcz软件\上传github\yczsoftware_vs\yczsoftware_vs\x64\release\qt\moc\moc_canvas3dservice.cpp
e:\0-研究生\yangcz软件\上传github\yczsoftware_vs\yczsoftware_vs\x64\release\qt\uic\ui_abnormalgpsdialog.h
e:\0-研究生\yangcz软件\上传github\yczsoftware_vs\yczsoftware_vs\x64\release\qt\uic\ui_aboutsoftdialog.h
e:\0-研究生\yangcz软件\上传github\yczsoftware_vs\yczsoftware_vs\x64\release\qt\uic\ui_amoebagservicedialog.h
e:\0-研究生\yangcz软件\上传github\yczsoftware_vs\yczsoftware_vs\x64\release\qt\uic\ui_boxplotdialog.h
e:\0-研究生\yangcz软件\上传github\yczsoftware_vs\yczsoftware_vs\x64\release\qt\uic\ui_canvas3dservice.h
e:\0-研究生\yangcz软件\上传github\yczsoftware_vs\yczsoftware_vs\x64\release\qt\uic\ui_coanalysisdialog.h
e:\0-研究生\yangcz软件\上传github\yczsoftware_vs\yczsoftware_vs\x64\release\qt\uic\ui_colorgradientwidget.h
e:\0-研究生\yangcz软件\上传github\yczsoftware_vs\yczsoftware_vs\x64\release\qt\uic\ui_coordinateproject.h
e:\0-研究生\yangcz软件\上传github\yczsoftware_vs\yczsoftware_vs\x64\release\qt\uic\ui_coyangczservicedialog.h
e:\0-研究生\yangcz软件\上传github\yczsoftware_vs\yczsoftware_vs\x64\release\qt\uic\ui_cubedialog.h
e:\0-研究生\yangcz软件\上传github\yczsoftware_vs\yczsoftware_vs\x64\release\qt\uic\ui_layerpropform.h
e:\0-研究生\yangcz软件\上传github\yczsoftware_vs\yczsoftware_vs\x64\release\qt\uic\ui_reservesestimatesdialog.h
e:\0-研究生\yangcz软件\上传github\yczsoftware_vs\yczsoftware_vs\x64\release\qt\uic\ui_ruleyangczfdialog.h
e:\0-研究生\yangcz软件\上传github\yczsoftware_vs\yczsoftware_vs\x64\release\qt\uic\ui_gyangczservicedialog.h
e:\0-研究生\yangcz软件\上传github\yczsoftware_vs\yczsoftware_vs\x64\release\qt\uic\ui_histogramdialog.h
e:\0-研究生\yangcz软件\上传github\yczsoftware_vs\yczsoftware_vs\x64\release\qt\uic\ui_htmscanservicedialog.h
e:\0-研究生\yangcz软件\上传github\yczsoftware_vs\yczsoftware_vs\x64\release\qt\uic\ui_inverselogdialog.h
e:\0-研究生\yangcz软件\上传github\yczsoftware_vs\yczsoftware_vs\x64\release\qt\uic\ui_loadingxyzdatadialog.h
e:\0-研究生\yangcz软件\上传github\yczsoftware_vs\yczsoftware_vs\x64\release\qt\uic\ui_logtransdialog.h
e:\0-研究生\yangcz软件\上传github\yczsoftware_vs\yczsoftware_vs\x64\release\qt\uic\ui_lyr3dselectdialog.h
e:\0-研究生\yangcz软件\上传github\yczsoftware_vs\yczsoftware_vs\x64\release\qt\uic\ui_mainwindow3d.h
e:\0-研究生\yangcz软件\上传github\yczsoftware_vs\yczsoftware_vs\x64\release\qt\uic\ui_oyangczservicedialog.h
e:\0-研究生\yangcz软件\上传github\yczsoftware_vs\yczsoftware_vs\x64\release\qt\uic\ui_oyczfilterservicedialog.h
e:\0-研究生\yangcz软件\上传github\yczsoftware_vs\yczsoftware_vs\x64\release\qt\uic\ui_qqplotdialog.h
e:\0-研究生\yangcz软件\上传github\yczsoftware_vs\yczsoftware_vs\x64\release\qt\uic\ui_sqldialog.h
e:\0-研究生\yangcz软件\上传github\yczsoftware_vs\yczsoftware_vs\x64\release\qt\uic\ui_styangczservicedialog.h
e:\0-研究生\yangcz软件\上传github\yczsoftware_vs\yczsoftware_vs\x64\release\qt\uic\ui_thickoredialog.h
e:\0-研究生\yangcz软件\上传github\yczsoftware_vs\yczsoftware_vs\x64\release\qt\uic\ui_thinoredialog.h
e:\0-研究生\yangcz软件\上传github\yczsoftware_vs\yczsoftware_vs\x64\release\qt\uic\ui_toolboxdialog.h
e:\0-研究生\yangcz软件\上传github\yczsoftware_vs\yczsoftware_vs\x64\release\qt\uic\ui_yangczfservicedialog.h
e:\0-研究生\yangcz软件\上传github\yczsoftware_vs\yczsoftware_vs\x64\release\qt\uic\ui_yangczfxydialog.h
e:\0-研究生\yangcz软件\上传github\yczsoftware_vs\yczsoftware_vs\x64\release\qt\uic\ui_yczfilterservicedialog.h
e:\0-研究生\yangcz软件\上传github\yczsoftware_vs\yczsoftware_vs\x64\release\qt\uic\ui_yczprogressdialog.h
e:\0-研究生\yangcz软件\上传github\yczsoftware_vs\yczsoftware_vs\x64\release\qt\uic\ui_yczsoftware_vs.h
e:\0-研究生\yangcz软件\上传github\yczsoftware_vs\yczsoftware_vs\x64\release\qt\moc\moc_yczsoftware_vs.cpp
e:\0-研究生\yangcz软件\上传github\yczsoftware_vs\yczsoftware_vs\x64\release\qt\moc\moc_reservesestimatesdialog.cpp
e:\0-研究生\yangcz软件\上传github\yczsoftware_vs\yczsoftware_vs\x64\release\qt\moc\moc_yangczfxypythread.cpp
e:\0-研究生\yangcz软件\上传github\yczsoftware_vs\yczsoftware_vs\x64\release\qt\moc\moc_yangczfxydialog.cpp
e:\0-研究生\yangcz软件\上传github\yczsoftware_vs\yczsoftware_vs\x64\release\qt\moc\moc_ruleyangczfdialog.cpp
e:\0-研究生\yangcz软件\上传github\yczsoftware_vs\yczsoftware_vs\x64\release\qt\moc\moc_coordinateproject.cpp
e:\0-研究生\yangcz软件\上传github\yczsoftware_vs\yczsoftware_vs\x64\release\qt\moc\moc_abnormalgpsdialog.cpp
e:\0-研究生\yangcz软件\上传github\yczsoftware_vs\yczsoftware_vs\x64\release\qt\moc\moc_amountpythread.cpp
e:\0-研究生\yangcz软件\上传github\yczsoftware_vs\yczsoftware_vs\x64\release\qt\moc\moc_coyangczservicedialog.cpp
e:\0-研究生\yangcz软件\上传github\yczsoftware_vs\yczsoftware_vs\x64\release\qt\moc\moc_thinoredialog.cpp
e:\0-研究生\yangcz软件\上传github\yczsoftware_vs\yczsoftware_vs\x64\release\qt\moc\moc_thickoredialog.cpp
e:\0-研究生\yangcz软件\上传github\yczsoftware_vs\yczsoftware_vs\x64\release\qt\moc\moc_toolboxdialog.cpp
e:\0-研究生\yangcz软件\上传github\yczsoftware_vs\yczsoftware_vs\x64\release\qt\moc\moc_htmscanservicedialog.cpp
e:\0-研究生\yangcz软件\上传github\yczsoftware_vs\yczsoftware_vs\x64\release\qt\moc\moc_styangczservicedialog.cpp
e:\0-研究生\yangcz软件\上传github\yczsoftware_vs\yczsoftware_vs\x64\release\qt\moc\moc_styangczpythread.cpp
e:\0-研究生\yangcz软件\上传github\yczsoftware_vs\yczsoftware_vs\x64\release\qt\moc\moc_gyangczpythread.cpp
e:\0-研究生\yangcz软件\上传github\yczsoftware_vs\yczsoftware_vs\x64\release\qt\moc\moc_gyangczservicedialog.cpp
e:\0-研究生\yangcz软件\上传github\yczsoftware_vs\yczsoftware_vs\x64\release\qt\moc\moc_yangczfservicedialog.cpp
e:\0-研究生\yangcz软件\上传github\yczsoftware_vs\yczsoftware_vs\x64\release\qt\moc\moc_yangczfpythread.cpp
e:\0-研究生\yangcz软件\上传github\yczsoftware_vs\yczsoftware_vs\x64\release\qt\moc\moc_yangczpythread.cpp
e:\0-研究生\yangcz软件\上传github\yczsoftware_vs\yczsoftware_vs\x64\release\qt\moc\moc_oyangczservicedialog.cpp
e:\0-研究生\yangcz软件\上传github\yczsoftware_vs\yczsoftware_vs\x64\release\qt\moc\moc_inverselogdialog.cpp
e:\0-研究生\yangcz软件\上传github\yczsoftware_vs\yczsoftware_vs\x64\release\qt\moc\moc_logtransdialog.cpp
e:\0-研究生\yangcz软件\上传github\yczsoftware_vs\yczsoftware_vs\x64\release\qt\moc\moc_qqplotdialog.cpp
e:\0-研究生\yangcz软件\上传github\yczsoftware_vs\yczsoftware_vs\x64\release\qt\moc\moc_qqplotdraw.cpp
e:\0-研究生\yangcz软件\上传github\yczsoftware_vs\yczsoftware_vs\x64\release\qt\moc\moc_histogramview.cpp
e:\0-研究生\yangcz软件\上传github\yczsoftware_vs\yczsoftware_vs\x64\release\qt\moc\moc_histogramdialog.cpp
e:\0-研究生\yangcz软件\上传github\yczsoftware_vs\yczsoftware_vs\x64\release\qt\moc\moc_yczprogressdialog.cpp
e:\0-研究生\yangcz软件\上传github\yczsoftware_vs\yczsoftware_vs\x64\release\qt\moc\moc_oyczfilterservicedialog.cpp
e:\0-研究生\yangcz软件\上传github\yczsoftware_vs\yczsoftware_vs\x64\release\qt\moc\moc_yczfilterpythread2d.cpp
e:\0-研究生\yangcz软件\上传github\yczsoftware_vs\yczsoftware_vs\x64\release\qt\moc\moc_yczfilterservicedialog.cpp
e:\0-研究生\yangcz软件\上传github\yczsoftware_vs\yczsoftware_vs\x64\release\qt\moc\moc_yczfilterpythread.cpp
e:\0-研究生\yangcz软件\上传github\yczsoftware_vs\yczsoftware_vs\x64\release\qt\moc\moc_runpyservice.cpp
e:\0-研究生\yangcz软件\上传github\yczsoftware_vs\yczsoftware_vs\x64\release\qt\moc\moc_sqldialog.cpp
e:\0-研究生\yangcz软件\上传github\yczsoftware_vs\yczsoftware_vs\x64\release\qt\moc\moc_layerpropform.cpp
e:\0-研究生\yangcz软件\上传github\yczsoftware_vs\yczsoftware_vs\x64\release\qt\moc\moc_layermenuprovider.cpp
e:\0-研究生\yangcz软件\上传github\yczsoftware_vs\yczsoftware_vs\x64\release\qt\moc\moc_maptoolselectfeatures.cpp
e:\0-研究生\yangcz软件\上传github\yczsoftware_vs\yczsoftware_vs\x64\release\qt\moc\moc_project.cpp
e:\0-研究生\yangcz软件\上传github\yczsoftware_vs\yczsoftware_vs\x64\release\qt\moc\moc_basewindow.cpp
e:\0-研究生\yangcz软件\上传github\yczsoftware_vs\yczsoftware_vs\x64\release\qt\moc\moc_mytitlebar.cpp
e:\0-研究生\yangcz软件\上传github\yczsoftware_vs\yczsoftware_vs\x64\release\qt\moc\moc_aboutsoftdialog.cpp
e:\0-研究生\yangcz软件\上传github\yczsoftware_vs\yczsoftware_vs\x64\release\qt\moc\moc_colorgradientwidget.cpp
e:\0-研究生\yangcz软件\上传github\yczsoftware_vs\yczsoftware_vs\x64\release\qt\moc\moc_colorgradientpreview.cpp
e:\0-研究生\yangcz软件\上传github\yczsoftware_vs\yczsoftware_vs\x64\release\qt\moc\moc_colorwidget.cpp
e:\0-研究生\yangcz软件\上传github\yczsoftware_vs\yczsoftware_vs\x64\release\qt\moc\moc_cubedialog.cpp
e:\0-研究生\yangcz软件\上传github\yczsoftware_vs\yczsoftware_vs\x64\release\qt\moc\moc_boxplotdialog.cpp
e:\0-研究生\yangcz软件\上传github\yczsoftware_vs\yczsoftware_vs\x64\release\qt\moc\moc_boxplotdraw.cpp
e:\0-研究生\yangcz软件\上传github\yczsoftware_vs\yczsoftware_vs\x64\release\qt\moc\moc_coanalysisdialog.cpp
e:\0-研究生\yangcz软件\上传github\yczsoftware_vs\yczsoftware_vs\x64\release\qt\moc\moc_correlationmatrixwidget.cpp
e:\0-研究生\yangcz软件\上传github\yczsoftware_vs\yczsoftware_vs\x64\release\qt\moc\moc_amoebagservicedialog.cpp
e:\0-研究生\yangcz软件\上传github\yczsoftware_vs\yczsoftware_vs\x64\release\qt\moc\moc_coyangczpythread.cpp
e:\0-研究生\yangcz软件\上传github\yczsoftware_vs\yczsoftware_vs\x64\release\qt\moc\moc_mainwindow3d.cpp
e:\0-研究生\yangcz软件\上传github\yczsoftware_vs\yczsoftware_vs\x64\release\qt\moc\moc_lyr3dselectdialog.cpp
e:\0-研究生\yangcz软件\上传github\yczsoftware_vs\yczsoftware_vs\x64\release\qt\moc\moc_loadingxyzdatadialog.cpp
e:\0-研究生\yangcz软件\上传github\yczsoftware_vs\yczsoftware_vs\x64\release\basewindow.obj
e:\0-研究生\yangcz软件\上传github\yczsoftware_vs\yczsoftware_vs\x64\release\maptoolselectfeatures.obj
e:\0-研究生\yangcz软件\上传github\yczsoftware_vs\yczsoftware_vs\x64\release\moc_basewindow.obj
e:\0-研究生\yangcz软件\上传github\yczsoftware_vs\yczsoftware_vs\x64\release\moc_maptoolselectfeatures.obj
e:\0-研究生\yangcz软件\上传github\yczsoftware_vs\yczsoftware_vs\x64\release\moc_mytitlebar.obj
e:\0-研究生\yangcz软件\上传github\yczsoftware_vs\yczsoftware_vs\x64\release\moc_ruleyangczfdialog.obj
e:\0-研究生\yangcz软件\上传github\yczsoftware_vs\yczsoftware_vs\x64\release\moc_thickoredialog.obj
e:\0-研究生\yangcz软件\上传github\yczsoftware_vs\yczsoftware_vs\x64\release\moc_thinoredialog.obj
e:\0-研究生\yangcz软件\上传github\yczsoftware_vs\yczsoftware_vs\x64\release\moc_toolboxdialog.obj
e:\0-研究生\yangcz软件\上传github\yczsoftware_vs\yczsoftware_vs\x64\release\mytitlebar.obj
e:\0-研究生\yangcz软件\上传github\yczsoftware_vs\yczsoftware_vs\x64\release\ruleyangczfdialog.obj
e:\0-研究生\yangcz软件\上传github\yczsoftware_vs\yczsoftware_vs\x64\release\thickoredialog.obj
e:\0-研究生\yangcz软件\上传github\yczsoftware_vs\yczsoftware_vs\x64\release\thinoredialog.obj
e:\0-研究生\yangcz软件\上传github\yczsoftware_vs\yczsoftware_vs\x64\release\toolboxdialog.obj
e:\0-研究生\yangcz软件\上传github\yczsoftware_vs\yczsoftware_vs\x64\release\yczsoftware_vs.tlog\cl.command.1.tlog
e:\0-研究生\yangcz软件\上传github\yczsoftware_vs\yczsoftware_vs\x64\release\yczsoftware_vs.tlog\cl.items.tlog
e:\0-研究生\yangcz软件\上传github\yczsoftware_vs\yczsoftware_vs\x64\release\yczsoftware_vs.tlog\cl.read.1.tlog
e:\0-研究生\yangcz软件\上传github\yczsoftware_vs\yczsoftware_vs\x64\release\yczsoftware_vs.tlog\cl.write.1.tlog
e:\0-研究生\yangcz软件\上传github\yczsoftware_vs\yczsoftware_vs\x64\release\yczsoftware_vs.tlog\link.command.1.tlog
e:\0-研究生\yangcz软件\上传github\yczsoftware_vs\yczsoftware_vs\x64\release\yczsoftware_vs.tlog\link.read.1.tlog
e:\0-研究生\yangcz软件\上传github\yczsoftware_vs\yczsoftware_vs\x64\release\yczsoftware_vs.tlog\link.write.1.tlog
e:\0-研究生\yangcz软件\上传github\yczsoftware_vs\yczsoftware_vs\x64\release\yczsoftware_vs.tlog\moc.read.1u.tlog
e:\0-研究生\yangcz软件\上传github\yczsoftware_vs\yczsoftware_vs\x64\release\yczsoftware_vs.tlog\moc.write.1u.tlog
e:\0-研究生\yangcz软件\上传github\yczsoftware_vs\yczsoftware_vs\x64\release\yczsoftware_vs.tlog\rc.command.1.tlog
e:\0-研究生\yangcz软件\上传github\yczsoftware_vs\yczsoftware_vs\x64\release\yczsoftware_vs.tlog\rc.read.1.tlog
e:\0-研究生\yangcz软件\上传github\yczsoftware_vs\yczsoftware_vs\x64\release\yczsoftware_vs.tlog\rc.write.1.tlog
e:\0-研究生\yangcz软件\上传github\yczsoftware_vs\yczsoftware_vs\x64\release\yczsoftware_vs.tlog\rcc.read.1u.tlog
e:\0-研究生\yangcz软件\上传github\yczsoftware_vs\yczsoftware_vs\x64\release\yczsoftware_vs.tlog\rcc.write.1u.tlog
e:\0-研究生\yangcz软件\上传github\yczsoftware_vs\yczsoftware_vs\x64\release\yczsoftware_vs.tlog\uic.read.1u.tlog
e:\0-研究生\yangcz软件\上传github\yczsoftware_vs\yczsoftware_vs\x64\release\yczsoftware_vs.tlog\uic.write.1u.tlog
e:\0-研究生\yangcz软件\上传github\yczsoftware_vs\yczsoftware_vs\x64\release\yczsoftware_vs.tlog\yczsoftware_vs.write.1u.tlog
